0 info it worked if it ends with ok
1 verbose cli [ 'node', '/src/nvm/v0.8.9/bin/npm', 'publish' ]
2 info using npm@1.1.61
3 info using node@v0.8.9
4 verbose publish [ '.' ]
5 verbose read json /git/js/anvil/anvil.http/package.json
6 verbose cache add [ '.', null ]
7 silly cache add name=undefined spec="." args=[".",null]
8 verbose parsed url { pathname: '.', path: '.', href: '.' }
9 silly lockFile 3a52ce78- .
10 verbose lock . /Users/alex/.npm/3a52ce78-.lock
11 verbose read json package.json
12 verbose tar pack [ '/var/folders/1d/p2zgg8jd7716_93v7b1vz68m0000gn/T/npm-71981/1350449461937-0.35470934328623116/tmp.tgz',
12 verbose tar pack   '.' ]
13 verbose tarball /var/folders/1d/p2zgg8jd7716_93v7b1vz68m0000gn/T/npm-71981/1350449461937-0.35470934328623116/tmp.tgz
14 verbose folder .
15 info prepublish anvil.http@0.0.6
16 silly lockFile e893f16c-1937-0-35470934328623116-tmp-tgz /var/folders/1d/p2zgg8jd7716_93v7b1vz68m0000gn/T/npm-71981/1350449461937-0.35470934328623116/tmp.tgz
17 verbose lock /var/folders/1d/p2zgg8jd7716_93v7b1vz68m0000gn/T/npm-71981/1350449461937-0.35470934328623116/tmp.tgz /Users/alex/.npm/e893f16c-1937-0-35470934328623116-tmp-tgz.lock
18 silly lockFile e893f16c-1937-0-35470934328623116-tmp-tgz /var/folders/1d/p2zgg8jd7716_93v7b1vz68m0000gn/T/npm-71981/1350449461937-0.35470934328623116/tmp.tgz
19 verbose tar unpack /var/folders/1d/p2zgg8jd7716_93v7b1vz68m0000gn/T/npm-71981/1350449461937-0.35470934328623116/tmp.tgz
20 silly lockFile 55f930f3-1937-0-35470934328623116-package /var/folders/1d/p2zgg8jd7716_93v7b1vz68m0000gn/T/npm-71981/1350449461937-0.35470934328623116/package
21 verbose lock /var/folders/1d/p2zgg8jd7716_93v7b1vz68m0000gn/T/npm-71981/1350449461937-0.35470934328623116/package /Users/alex/.npm/55f930f3-1937-0-35470934328623116-package.lock
22 silly gunzTarPerm modes [ '755', '644' ]
23 silly gunzTarPerm extractEntry package.json
24 silly gunzTarPerm extractEntry .npmignore
25 silly gunzTarPerm extractEntry README.md
26 silly gunzTarPerm extractEntry header.js
27 silly gunzTarPerm extractEntry ext/buildhook.js
28 silly gunzTarPerm extractEntry lib/http.js
29 silly gunzTarPerm extractEntry src/http.js
30 verbose read json /var/folders/1d/p2zgg8jd7716_93v7b1vz68m0000gn/T/npm-71981/1350449461937-0.35470934328623116/package/package.json
31 silly lockFile 55f930f3-1937-0-35470934328623116-package /var/folders/1d/p2zgg8jd7716_93v7b1vz68m0000gn/T/npm-71981/1350449461937-0.35470934328623116/package
32 verbose from cache /var/folders/1d/p2zgg8jd7716_93v7b1vz68m0000gn/T/npm-71981/1350449461937-0.35470934328623116/package/package.json
33 verbose tar pack [ '/Users/alex/.npm/anvil.http/0.0.6/package.tgz',
33 verbose tar pack   '/var/folders/1d/p2zgg8jd7716_93v7b1vz68m0000gn/T/npm-71981/1350449461937-0.35470934328623116/package' ]
34 verbose tarball /Users/alex/.npm/anvil.http/0.0.6/package.tgz
35 verbose folder /var/folders/1d/p2zgg8jd7716_93v7b1vz68m0000gn/T/npm-71981/1350449461937-0.35470934328623116/package
36 silly lockFile 2fe04a4d-npm-anvil-http-0-0-6-package-tgz /Users/alex/.npm/anvil.http/0.0.6/package.tgz
37 verbose lock /Users/alex/.npm/anvil.http/0.0.6/package.tgz /Users/alex/.npm/2fe04a4d-npm-anvil-http-0-0-6-package-tgz.lock
38 silly lockFile 2fe04a4d-npm-anvil-http-0-0-6-package-tgz /Users/alex/.npm/anvil.http/0.0.6/package.tgz
39 silly lockFile 5e6f405f-lex-npm-anvil-http-0-0-6-package /Users/alex/.npm/anvil.http/0.0.6/package
40 verbose lock /Users/alex/.npm/anvil.http/0.0.6/package /Users/alex/.npm/5e6f405f-lex-npm-anvil-http-0-0-6-package.lock
41 silly lockFile 5e6f405f-lex-npm-anvil-http-0-0-6-package /Users/alex/.npm/anvil.http/0.0.6/package
42 verbose tar unpack /Users/alex/.npm/anvil.http/0.0.6/package.tgz
43 silly lockFile 5e6f405f-lex-npm-anvil-http-0-0-6-package /Users/alex/.npm/anvil.http/0.0.6/package
44 verbose lock /Users/alex/.npm/anvil.http/0.0.6/package /Users/alex/.npm/5e6f405f-lex-npm-anvil-http-0-0-6-package.lock
45 silly gunzTarPerm modes [ '755', '644' ]
46 silly gunzTarPerm extractEntry package.json
47 silly gunzTarPerm extractEntry .npmignore
48 silly gunzTarPerm extractEntry README.md
49 silly gunzTarPerm extractEntry header.js
50 silly gunzTarPerm extractEntry ext/buildhook.js
51 silly gunzTarPerm extractEntry lib/http.js
52 silly gunzTarPerm extractEntry src/http.js
53 verbose read json /Users/alex/.npm/anvil.http/0.0.6/package/package.json
54 silly lockFile 5e6f405f-lex-npm-anvil-http-0-0-6-package /Users/alex/.npm/anvil.http/0.0.6/package
55 silly shasum updated bytes 3547
56 info shasum 170c668e9da9f8fd6a62ca5b39516be0f426333f
56 info shasum /Users/alex/.npm/anvil.http/0.0.6/package.tgz
57 verbose from cache /Users/alex/.npm/anvil.http/0.0.6/package/package.json
58 verbose chmod /Users/alex/.npm/anvil.http/0.0.6/package.tgz 644
59 verbose chown /Users/alex/.npm/anvil.http/0.0.6/package.tgz [ 501, 20 ]
60 silly lockFile 3a52ce78- .
61 silly publish { author:
61 silly publish    { name: 'Alex Robson',
61 silly publish      email: 'alex@sharplearningcurve.com',
61 silly publish      url: 'http://sharplearningcurve.com' },
61 silly publish   name: 'anvil.http',
61 silly publish   description: 'Http host for anvil.js',
61 silly publish   version: '0.0.6',
61 silly publish   repository: { type: 'git', url: 'git://github.com/arobson/anvil.http.git' },
61 silly publish   engines: { node: '~0.8.3' },
61 silly publish   main: './lib/http.js',
61 silly publish   dependencies: { express: '~3.0', 'socket.io': '~0.9', open: '~0.0.2' },
61 silly publish   optionalDependencies: {},
61 silly publish   keywords: [ 'anvil', 'http', 'express', 'socket.io' ],
61 silly publish   readme: '## Anvil HTTP Plugin\nProvides an integrated web host using express and socket.io. Extends anvil with functionality to allow other plugins to host features and content.\n\nThis plugin requires anvil.js version 0.8.* or greater.\n\n## Installation\n\n\tanvil install anvil.http\n\n## Usage\n\n\tanvil --host\n\n\tanvil --host --browser\n\n### --browser\nAutomatically open a browser tab in your default browser pointed to the root url. Why? Because it\'s awesome.\n\n## Configuration\nConfiguration can be changed by adding any of the three properties to the build file under "anvil.http": {}.\n\n### "contentTypes"\nA hash where the key is the extension of the requested file and the value is the mimeType specification. In general, this is only necessary if you\'re adding support for a file extension that needs to be compiled on the fly. \n\nExample:\n\t"contentTypes": { \n\t\t".coffee": "application/javascript"\n\t}\n\n### "port"\nSpecifies what port the server will listen to. The default is 3080.\n\nExample:\n\n\t"port": 3080\n\t\t\t\n### "paths"\nA hash where the key is the relative url to map to a specific directory or file. The following example shows the default setting which causes the output directory to get mapped to the top level.\n\nExample:\n\t\t\t\n\t"paths": {\n\t\t"/": anvil.config.output\n\t}\n\n## API\nCurrently the only call that this plugin adds to anvil is registerPath.\n\n### registerPath( url, filePath )\nThis lets you register static files to serve at a specific relative url',
61 silly publish   _id: 'anvil.http@0.0.6',
61 silly publish   dist: { shasum: '170c668e9da9f8fd6a62ca5b39516be0f426333f' } }
62 verbose url raw anvil.http
63 verbose url resolving [ 'https://registry.npmjs.org/', './anvil.http' ]
64 verbose url resolved https://registry.npmjs.org/anvil.http
65 info trying registry request attempt 1 at 23:51:02
66 http PUT https://registry.npmjs.org/anvil.http
67 http 409 https://registry.npmjs.org/anvil.http
68 verbose url raw anvil.http
69 verbose url resolving [ 'https://registry.npmjs.org/', './anvil.http' ]
70 verbose url resolved https://registry.npmjs.org/anvil.http
71 info trying registry request attempt 1 at 23:51:03
72 http GET https://registry.npmjs.org/anvil.http
73 http 200 https://registry.npmjs.org/anvil.http
74 error publish fail Cannot publish over existing version.
74 error publish fail Bump the 'version' field, set the --force flag, or
74 error publish fail     npm unpublish 'anvil.http@0.0.6'
74 error publish fail and try again
75 error System Darwin 11.4.0
76 error command "node" "/src/nvm/v0.8.9/bin/npm" "publish"
77 error cwd /git/js/anvil/anvil.http
78 error node -v v0.8.9
79 error npm -v 1.1.61
80 error code EPUBLISHCONFLICT
81 verbose exit [ 1, true ]
